TN:
SF:src/Funkos/FunkoApp.ts
FN:18,(anonymous_1)
FN:27,(anonymous_2)
FN:37,(anonymous_3)
FN:50,(anonymous_4)
FN:51,(anonymous_5)
FN:67,(anonymous_6)
FN:86,(anonymous_7)
FN:134,(anonymous_8)
FN:172,(anonymous_9)
FN:185,(anonymous_10)
FN:188,(anonymous_11)
FN:221,(anonymous_12)
FNF:12
FNH:12
FNDA:14,(anonymous_1)
FNDA:14,(anonymous_2)
FNDA:24,(anonymous_3)
FNDA:3,(anonymous_4)
FNDA:1,(anonymous_5)
FNDA:2,(anonymous_6)
FNDA:6,(anonymous_7)
FNDA:2,(anonymous_8)
FNDA:2,(anonymous_9)
FNDA:2,(anonymous_10)
FNDA:2,(anonymous_11)
FNDA:5,(anonymous_12)
DA:1,1
DA:2,1
DA:4,1
DA:5,1
DA:10,1
DA:12,14
DA:19,14
DA:28,14
DA:29,14
DA:30,1
DA:32,14
DA:34,14
DA:35,1
DA:37,13
DA:38,24
DA:39,24
DA:40,24
DA:43,13
DA:51,3
DA:52,1
DA:53,0
DA:59,3
DA:68,2
DA:99,6
DA:100,5
DA:112,5
DA:113,5
DA:114,5
DA:116,1
DA:146,2
DA:147,1
DA:159,1
DA:160,1
DA:161,1
DA:163,1
DA:173,2
DA:174,1
DA:175,1
DA:176,1
DA:178,1
DA:186,2
DA:187,2
DA:188,2
DA:189,2
DA:190,2
DA:191,2
DA:192,0
DA:193,0
DA:194,0
DA:195,0
DA:197,0
DA:199,2
DA:200,2
DA:201,2
DA:202,2
DA:203,2
DA:204,2
DA:205,2
DA:206,2
DA:207,2
DA:210,2
DA:211,2
DA:213,2
DA:222,5
DA:223,4
DA:224,4
DA:225,4
DA:226,4
DA:227,4
DA:228,4
DA:229,4
DA:230,4
DA:231,4
DA:234,4
DA:235,4
DA:240,4
DA:241,4
DA:242,4
DA:245,1
LF:79
LH:73
BRDA:29,0,0,1
BRDA:29,0,1,13
BRDA:34,1,0,1
BRDA:34,1,1,13
BRDA:52,2,0,0
BRDA:52,2,1,1
BRDA:99,3,0,5
BRDA:99,3,1,1
BRDA:146,4,0,1
BRDA:146,4,1,1
BRDA:173,5,0,1
BRDA:173,5,1,1
BRDA:190,6,0,2
BRDA:190,6,1,0
BRDA:192,7,0,0
BRDA:192,7,1,0
BRDA:192,8,0,0
BRDA:192,8,1,0
BRDA:194,9,0,0
BRDA:194,9,1,0
BRDA:194,10,0,0
BRDA:194,10,1,0
BRDA:222,11,0,4
BRDA:222,11,1,1
BRDA:224,12,0,4
BRDA:224,12,1,0
BRF:26
BRH:15
end_of_record
TN:
SF:src/Funkos/datatype/Funko.ts
FN:31,(anonymous_0)
FNF:1
FNH:1
FNDA:7,(anonymous_0)
DA:6,1
DA:43,7
DA:44,7
DA:45,7
DA:46,7
DA:47,7
DA:48,7
DA:49,7
DA:50,7
DA:51,7
DA:52,7
LF:11
LH:11
BRF:0
BRH:0
end_of_record
TN:
SF:src/Funkos/datatype/Tipos.ts
FN:1,(anonymous_0)
FN:14,asignarTipo
FN:39,(anonymous_2)
FN:50,asignarGenero
FNF:4
FNH:4
FNDA:1,(anonymous_0)
FNDA:10,asignarTipo
FNDA:1,(anonymous_2)
FNDA:8,asignarGenero
DA:1,1
DA:2,1
DA:3,1
DA:4,1
DA:5,1
DA:6,1
DA:7,1
DA:8,1
DA:9,1
DA:10,1
DA:11,1
DA:14,1
DA:15,10
DA:17,1
DA:19,1
DA:21,1
DA:23,1
DA:25,1
DA:27,1
DA:29,1
DA:31,1
DA:33,1
DA:35,1
DA:39,1
DA:40,1
DA:41,1
DA:42,1
DA:43,1
DA:44,1
DA:45,1
DA:46,1
DA:47,1
DA:50,1
DA:51,8
DA:53,1
DA:55,1
DA:57,1
DA:59,1
DA:61,1
DA:63,1
DA:65,1
DA:67,1
LF:42
LH:42
BRDA:1,0,0,1
BRDA:1,0,1,1
BRDA:15,1,0,1
BRDA:15,1,1,1
BRDA:15,1,2,1
BRDA:15,1,3,1
BRDA:15,1,4,1
BRDA:15,1,5,1
BRDA:15,1,6,1
BRDA:15,1,7,1
BRDA:15,1,8,1
BRDA:15,1,9,1
BRDA:39,2,0,1
BRDA:39,2,1,1
BRDA:51,3,0,1
BRDA:51,3,1,1
BRDA:51,3,2,1
BRDA:51,3,3,1
BRDA:51,3,4,1
BRDA:51,3,5,1
BRDA:51,3,6,1
BRDA:51,3,7,1
BRF:22
BRH:22
end_of_record
TN:
SF:src/modificacion/AlgorithmClass.ts
FN:6,(anonymous_0)
FN:15,(anonymous_1)
FN:16,(anonymous_2)
FN:30,(anonymous_3)
FN:31,(anonymous_4)
FN:45,(anonymous_5)
FN:51,(anonymous_6)
FN:57,(anonymous_7)
FN:70,(anonymous_8)
FNF:9
FNH:9
FNDA:8,(anonymous_0)
FNDA:8,(anonymous_1)
FNDA:7,(anonymous_2)
FNDA:8,(anonymous_3)
FNDA:15,(anonymous_4)
FNDA:8,(anonymous_5)
FNDA:8,(anonymous_6)
FNDA:8,(anonymous_7)
FNDA:8,(anonymous_8)
DA:4,1
DA:7,8
DA:16,7
DA:18,8
DA:19,8
DA:20,7
DA:22,8
DA:31,15
DA:33,8
DA:34,8
DA:35,15
DA:36,7
DA:39,8
DA:71,8
DA:72,8
DA:73,8
DA:74,8
DA:75,8
DA:76,8
DA:77,8
LF:20
LH:20
BRDA:16,0,0,8
BRDA:31,1,0,8
BRDA:35,2,0,7
BRDA:35,2,1,8
BRF:4
BRH:4
end_of_record
TN:
SF:src/modificacion/FilterMapAddReduce.ts
FN:7,(anonymous_0)
FN:16,(anonymous_1)
FNF:2
FNH:2
FNDA:2,(anonymous_0)
FNDA:2,(anonymous_1)
DA:1,1
DA:6,1
DA:8,2
DA:17,2
DA:19,2
DA:20,1
DA:23,2
LF:7
LH:7
BRF:0
BRH:0
end_of_record
TN:
SF:src/modificacion/FilterMapDivReduce.ts
FN:4,(anonymous_0)
FN:13,(anonymous_1)
FNF:2
FNH:2
FNDA:2,(anonymous_0)
FNDA:2,(anonymous_1)
DA:1,1
DA:3,1
DA:5,2
DA:14,2
DA:16,2
DA:17,2
DA:20,2
LF:7
LH:7
BRF:0
BRH:0
end_of_record
TN:
SF:src/modificacion/FilterMapProdReduce.ts
FN:7,(anonymous_0)
FN:16,(anonymous_1)
FNF:2
FNH:2
FNDA:2,(anonymous_0)
FNDA:2,(anonymous_1)
DA:1,1
DA:6,1
DA:8,2
DA:17,2
DA:19,2
DA:20,2
DA:23,2
LF:7
LH:7
BRF:0
BRH:0
end_of_record
TN:
SF:src/modificacion/FilterMapSubReduce.ts
FN:7,(anonymous_0)
FN:16,(anonymous_1)
FNF:2
FNH:2
FNDA:2,(anonymous_0)
FNDA:2,(anonymous_1)
DA:1,1
DA:6,1
DA:8,2
DA:17,2
DA:19,2
DA:20,2
DA:23,2
LF:7
LH:7
BRF:0
BRH:0
end_of_record
