TN:
SF:src/Funkos/FunkoApp.ts
FN:11,(anonymous_1)
FN:15,(anonymous_2)
FN:25,(anonymous_3)
FN:34,(anonymous_4)
FN:35,(anonymous_5)
FN:46,(anonymous_6)
FN:50,(anonymous_7)
FN:84,(anonymous_8)
FN:117,(anonymous_9)
FN:126,(anonymous_10)
FN:129,(anonymous_11)
FN:207,(anonymous_12)
FNF:12
FNH:11
FNDA:8,(anonymous_1)
FNDA:3,(anonymous_2)
FNDA:6,(anonymous_3)
FNDA:2,(anonymous_4)
FNDA:4,(anonymous_5)
FNDA:5,(anonymous_6)
FNDA:8,(anonymous_7)
FNDA:1,(anonymous_8)
FNDA:1,(anonymous_9)
FNDA:1,(anonymous_10)
FNDA:0,(anonymous_11)
FNDA:1,(anonymous_12)
DA:1,1
DA:2,1
DA:4,1
DA:5,1
DA:7,1
DA:9,8
DA:12,8
DA:16,3
DA:17,3
DA:18,0
DA:20,3
DA:22,3
DA:23,0
DA:25,3
DA:26,6
DA:27,6
DA:28,6
DA:31,3
DA:35,2
DA:36,4
DA:37,0
DA:43,2
DA:47,5
DA:63,8
DA:64,6
DA:76,6
DA:77,6
DA:78,6
DA:80,2
DA:96,1
DA:97,0
DA:109,0
DA:110,0
DA:111,0
DA:113,1
DA:118,1
DA:119,0
DA:120,0
DA:121,0
DA:123,1
DA:127,1
DA:128,1
DA:129,1
DA:130,0
DA:131,0
DA:132,0
DA:133,0
DA:134,0
DA:135,0
DA:136,0
DA:137,0
DA:140,0
DA:141,0
DA:146,0
DA:147,0
DA:148,0
DA:149,0
DA:150,0
DA:151,0
DA:152,0
DA:153,0
DA:154,0
DA:155,0
DA:158,0
DA:159,0
DA:164,0
DA:165,0
DA:166,0
DA:167,0
DA:168,0
DA:169,0
DA:170,0
DA:171,0
DA:172,0
DA:173,0
DA:176,0
DA:177,0
DA:182,0
DA:183,0
DA:185,0
DA:186,0
DA:187,0
DA:188,0
DA:189,0
DA:190,0
DA:191,0
DA:194,0
DA:195,0
DA:200,0
DA:201,0
DA:204,1
DA:208,1
DA:209,1
DA:210,1
DA:211,1
DA:212,1
DA:213,1
DA:214,1
DA:215,1
DA:216,1
DA:217,1
DA:220,1
DA:221,1
DA:226,1
DA:227,1
DA:228,1
DA:230,0
DA:233,0
LF:108
LH:49
BRDA:17,0,0,0
BRDA:17,0,1,3
BRDA:22,1,0,0
BRDA:22,1,1,3
BRDA:36,2,0,0
BRDA:36,2,1,4
BRDA:63,3,0,6
BRDA:63,3,1,2
BRDA:96,4,0,0
BRDA:96,4,1,1
BRDA:118,5,0,0
BRDA:118,5,1,1
BRDA:130,6,0,0
BRDA:130,6,1,0
BRDA:148,7,0,0
BRDA:148,7,1,0
BRDA:148,8,0,0
BRDA:148,8,1,0
BRDA:166,9,0,0
BRDA:166,9,1,0
BRDA:166,10,0,0
BRDA:166,10,1,0
BRDA:208,11,0,1
BRDA:208,11,1,0
BRDA:210,12,0,1
BRDA:210,12,1,0
BRF:26
BRH:9
end_of_record
TN:
SF:src/Funkos/datatype/Funko.ts
FN:15,(anonymous_0)
FNF:1
FNH:1
FNDA:7,(anonymous_0)
DA:3,1
DA:27,7
DA:28,7
DA:29,7
DA:30,7
DA:31,7
DA:32,7
DA:33,7
DA:34,7
DA:35,7
DA:36,7
LF:11
LH:11
BRF:0
BRH:0
end_of_record
TN:
SF:src/Funkos/datatype/Tipos.ts
FN:1,(anonymous_0)
FN:14,asignarTipo
FN:39,(anonymous_2)
FN:50,asignarGenero
FNF:4
FNH:4
FNDA:1,(anonymous_0)
FNDA:10,asignarTipo
FNDA:1,(anonymous_2)
FNDA:8,asignarGenero
DA:1,1
DA:2,1
DA:3,1
DA:4,1
DA:5,1
DA:6,1
DA:7,1
DA:8,1
DA:9,1
DA:10,1
DA:11,1
DA:14,1
DA:15,10
DA:17,1
DA:19,1
DA:21,1
DA:23,1
DA:25,1
DA:27,1
DA:29,1
DA:31,1
DA:33,1
DA:35,1
DA:39,1
DA:40,1
DA:41,1
DA:42,1
DA:43,1
DA:44,1
DA:45,1
DA:46,1
DA:47,1
DA:50,1
DA:51,8
DA:53,1
DA:55,1
DA:57,1
DA:59,1
DA:61,1
DA:63,1
DA:65,1
DA:67,1
LF:42
LH:42
BRDA:1,0,0,1
BRDA:1,0,1,1
BRDA:15,1,0,1
BRDA:15,1,1,1
BRDA:15,1,2,1
BRDA:15,1,3,1
BRDA:15,1,4,1
BRDA:15,1,5,1
BRDA:15,1,6,1
BRDA:15,1,7,1
BRDA:15,1,8,1
BRDA:15,1,9,1
BRDA:39,2,0,1
BRDA:39,2,1,1
BRDA:51,3,0,1
BRDA:51,3,1,1
BRDA:51,3,2,1
BRDA:51,3,3,1
BRDA:51,3,4,1
BRDA:51,3,5,1
BRDA:51,3,6,1
BRDA:51,3,7,1
BRF:22
BRH:22
end_of_record
TN:
SF:src/modificacion/AlgorithmClass.ts
FN:6,(anonymous_0)
FN:15,(anonymous_1)
FN:16,(anonymous_2)
FN:30,(anonymous_3)
FN:31,(anonymous_4)
FN:45,(anonymous_5)
FN:51,(anonymous_6)
FN:57,(anonymous_7)
FN:70,(anonymous_8)
FNF:9
FNH:9
FNDA:8,(anonymous_0)
FNDA:8,(anonymous_1)
FNDA:7,(anonymous_2)
FNDA:8,(anonymous_3)
FNDA:15,(anonymous_4)
FNDA:8,(anonymous_5)
FNDA:8,(anonymous_6)
FNDA:8,(anonymous_7)
FNDA:8,(anonymous_8)
DA:4,1
DA:7,8
DA:16,7
DA:18,8
DA:19,8
DA:20,7
DA:22,8
DA:31,15
DA:33,8
DA:34,8
DA:35,15
DA:36,7
DA:39,8
DA:71,8
DA:72,8
DA:73,8
DA:74,8
DA:75,8
DA:76,8
DA:77,8
LF:20
LH:20
BRDA:16,0,0,8
BRDA:31,1,0,8
BRDA:35,2,0,7
BRDA:35,2,1,8
BRF:4
BRH:4
end_of_record
TN:
SF:src/modificacion/FilterMapAddReduce.ts
FN:7,(anonymous_0)
FN:16,(anonymous_1)
FNF:2
FNH:2
FNDA:2,(anonymous_0)
FNDA:2,(anonymous_1)
DA:1,1
DA:6,1
DA:8,2
DA:17,2
DA:19,2
DA:20,1
DA:23,2
LF:7
LH:7
BRF:0
BRH:0
end_of_record
TN:
SF:src/modificacion/FilterMapDivReduce.ts
FN:4,(anonymous_0)
FN:13,(anonymous_1)
FNF:2
FNH:2
FNDA:2,(anonymous_0)
FNDA:2,(anonymous_1)
DA:1,1
DA:3,1
DA:5,2
DA:14,2
DA:16,2
DA:17,2
DA:20,2
LF:7
LH:7
BRF:0
BRH:0
end_of_record
TN:
SF:src/modificacion/FilterMapProdReduce.ts
FN:7,(anonymous_0)
FN:16,(anonymous_1)
FNF:2
FNH:2
FNDA:2,(anonymous_0)
FNDA:2,(anonymous_1)
DA:1,1
DA:6,1
DA:8,2
DA:17,2
DA:19,2
DA:20,2
DA:23,2
LF:7
LH:7
BRF:0
BRH:0
end_of_record
TN:
SF:src/modificacion/FilterMapSubReduce.ts
FN:7,(anonymous_0)
FN:16,(anonymous_1)
FNF:2
FNH:2
FNDA:2,(anonymous_0)
FNDA:2,(anonymous_1)
DA:1,1
DA:6,1
DA:8,2
DA:17,2
DA:19,2
DA:20,2
DA:23,2
LF:7
LH:7
BRF:0
BRH:0
end_of_record
